<?xml version="1.0" encoding="UTF-8"?>
<testng-results skipped="0" failed="0" ignored="0" total="4" passed="4">
  <reporter-output>
  </reporter-output>
  <suite name="All Test Suite" duration-ms="3779" started-at="2020-06-17T16:29:39Z" finished-at="2020-06-17T16:29:43Z">
    <groups>
    </groups>
    <test name="C:/Users/alfre/IdeaProjects/DeckOfCardsAPI_Assesment" duration-ms="3779" started-at="2020-06-17T16:29:39Z" finished-at="2020-06-17T16:29:43Z">
      <class name="deckofcards_tests.NewDeck_jockerPOST">
        <test-method status="PASS" signature="baseURIsetUp()[pri:0, instance:deckofcards_tests.NewDeck_jockerPOST@50f8360d]" name="baseURIsetUp" is-config="true" duration-ms="1" started-at="2020-06-17T16:29:42Z" finished-at="2020-06-17T16:29:42Z">
          <reporter-output>
          </reporter-output>
        </test-method> <!-- baseURIsetUp -->
        <test-method status="PASS" signature="responseSetUP()[pri:0, instance:deckofcards_tests.NewDeck_jockerPOST@50f8360d]" name="responseSetUP" is-config="true" duration-ms="843" started-at="2020-06-17T16:29:42Z" finished-at="2020-06-17T16:29:43Z">
          <reporter-output>
          </reporter-output>
        </test-method> <!-- responseSetUP -->
        <test-method status="PASS" signature="newDeck_jockerPost()[pri:0, instance:deckofcards_tests.NewDeck_jockerPOST@50f8360d]" name="newDeck_jockerPost" duration-ms="46" started-at="2020-06-17T16:29:43Z" finished-at="2020-06-17T16:29:43Z">
          <reporter-output>
          </reporter-output>
        </test-method> <!-- newDeck_jockerPost -->
      </class> <!-- deckofcards_tests.NewDeck_jockerPOST -->
      <class name="deckofcards_tests.NewDeck_GET">
        <test-method status="PASS" signature="baseURIsetUp()[pri:0, instance:deckofcards_tests.NewDeck_GET@61dc03ce]" name="baseURIsetUp" is-config="true" duration-ms="371" started-at="2020-06-17T16:29:39Z" finished-at="2020-06-17T16:29:40Z">
          <reporter-output>
          </reporter-output>
        </test-method> <!-- baseURIsetUp -->
        <test-method status="PASS" signature="setUP_response()[pri:0, instance:deckofcards_tests.NewDeck_GET@61dc03ce]" name="setUP_response" is-config="true" duration-ms="1728" started-at="2020-06-17T16:29:40Z" finished-at="2020-06-17T16:29:41Z">
          <reporter-output>
          </reporter-output>
        </test-method> <!-- setUP_response -->
        <test-method status="PASS" signature="newDeck_happyPath()[pri:0, instance:deckofcards_tests.NewDeck_GET@61dc03ce]" name="newDeck_happyPath" duration-ms="26" started-at="2020-06-17T16:29:41Z" finished-at="2020-06-17T16:29:41Z">
          <reporter-output>
          </reporter-output>
        </test-method> <!-- newDeck_happyPath -->
        <test-method status="PASS" signature="setUP_response()[pri:0, instance:deckofcards_tests.NewDeck_GET@61dc03ce]" name="setUP_response" is-config="true" duration-ms="391" started-at="2020-06-17T16:29:41Z" finished-at="2020-06-17T16:29:42Z">
          <reporter-output>
          </reporter-output>
        </test-method> <!-- setUP_response -->
        <test-method status="PASS" signature="newDeck_Post()[pri:0, instance:deckofcards_tests.NewDeck_GET@61dc03ce]" name="newDeck_Post" duration-ms="2" started-at="2020-06-17T16:29:42Z" finished-at="2020-06-17T16:29:42Z">
          <reporter-output>
          </reporter-output>
        </test-method> <!-- newDeck_Post -->
      </class> <!-- deckofcards_tests.NewDeck_GET -->
      <class name="deckofcards_tests.NewDeck_jokerGET">
        <test-method status="PASS" signature="baseURIsetUp()[pri:0, instance:deckofcards_tests.NewDeck_jokerGET@2cb4c3ab]" name="baseURIsetUp" is-config="true" duration-ms="1" started-at="2020-06-17T16:29:43Z" finished-at="2020-06-17T16:29:43Z">
          <reporter-output>
          </reporter-output>
        </test-method> <!-- baseURIsetUp -->
        <test-method status="PASS" signature="response_setUp()[pri:0, instance:deckofcards_tests.NewDeck_jokerGET@2cb4c3ab]" name="response_setUp" is-config="true" duration-ms="255" started-at="2020-06-17T16:29:43Z" finished-at="2020-06-17T16:29:43Z">
          <reporter-output>
          </reporter-output>
        </test-method> <!-- response_setUp -->
        <test-method status="PASS" signature="newDeck_jokerGet()[pri:0, instance:deckofcards_tests.NewDeck_jokerGET@2cb4c3ab]" name="newDeck_jokerGet" duration-ms="1" started-at="2020-06-17T16:29:43Z" finished-at="2020-06-17T16:29:43Z">
          <reporter-output>
          </reporter-output>
        </test-method> <!-- newDeck_jokerGet -->
      </class> <!-- deckofcards_tests.NewDeck_jokerGET -->
    </test> <!-- C:/Users/alfre/IdeaProjects/DeckOfCardsAPI_Assesment -->
  </suite> <!-- All Test Suite -->
</testng-results>
